<?xml version="1.0" encoding="UTF-8"?>
<testng-results ignored="0" total="1" passed="1" failed="0" skipped="0">
  <reporter-output>
    <line>
      <![CDATA[project demo2]]>
    </line>
  </reporter-output>
  <suite started-at="2020-08-10T16:00:23 IST" name="Default suite" finished-at="2020-08-10T16:00:23 IST" duration-ms="121">
    <groups>
    </groups>
    <test started-at="2020-08-10T16:00:23 IST" name="Default test" finished-at="2020-08-10T16:00:23 IST" duration-ms="121">
      <class name="com.actitime.timetrack.Demo">
        <test-method signature="run()[pri:0, instance:com.actitime.timetrack.Demo@2f7c2f4f]" started-at="2020-08-10T16:00:23 IST" name="run" finished-at="2020-08-10T16:00:23 IST" duration-ms="13" status="PASS">
          <reporter-output>
            <line>
              <![CDATA[project demo2]]>
            </line>
          </reporter-output>
        </test-method> <!-- run -->
      </class> <!-- com.actitime.timetrack.Demo -->
    </test> <!-- Default test -->
  </suite> <!-- Default suite -->
</testng-results>
